2019-01-12 16:20:19.753 DEBUG 17952 --- [background-preinit] .h.v.m.ResourceBundleMessageInterpolator : Loaded expression factory via original TCCL
2019-01-12 16:20:19.769 DEBUG 17952 --- [background-preinit] o.h.v.i.engine.ValidatorFactoryImpl      : HV000234: Using org.hibernate.validator.messageinterpolation.ResourceBundleMessageInterpolator as ValidatorFactory-scoped message interpolator.
2019-01-12 16:20:19.770 DEBUG 17952 --- [background-preinit] o.h.v.i.engine.ValidatorFactoryImpl      : HV000234: Using org.hibernate.validator.internal.engine.resolver.TraverseAllTraversableResolver as ValidatorFactory-scoped traversable resolver.
2019-01-12 16:20:19.771 DEBUG 17952 --- [background-preinit] o.h.v.i.engine.ValidatorFactoryImpl      : HV000234: Using org.hibernate.validator.internal.util.ExecutableParameterNameProvider as ValidatorFactory-scoped parameter name provider.
2019-01-12 16:20:19.772 DEBUG 17952 --- [background-preinit] o.h.v.i.engine.ValidatorFactoryImpl      : HV000234: Using org.hibernate.validator.internal.engine.DefaultClockProvider as ValidatorFactory-scoped clock provider.
2019-01-12 16:20:19.772 DEBUG 17952 --- [background-preinit] o.h.v.i.engine.ValidatorFactoryImpl      : HV000234: Using org.hibernate.validator.internal.engine.scripting.DefaultScriptEvaluatorFactory as ValidatorFactory-scoped script evaluator factory.
2019-01-12 16:20:19.850  INFO 17952 --- [main] com.gxc.info.web.WebApplication          : Starting WebApplication on GUOXUECHAO with PID 17952 (E:\demo\infoManager\infomanager-web\target\classes started by Lenovo in E:\demo\infoManager\infomanager-web)
2019-01-12 16:20:19.851  INFO 17952 --- [main] com.gxc.info.web.WebApplication          : No active profile set, falling back to default profiles: default
2019-01-12 16:20:22.016  INFO 17952 --- [main] o.s.b.w.embedded.tomcat.TomcatWebServer  : Tomcat initialized with port(s): 8080 (http)
2019-01-12 16:20:22.039  INFO 17952 --- [main] o.apache.catalina.core.StandardService   : Starting service [Tomcat]
2019-01-12 16:20:22.040  INFO 17952 --- [main] org.apache.catalina.core.StandardEngine  : Starting Servlet Engine: Apache Tomcat/9.0.12
2019-01-12 16:20:22.053  INFO 17952 --- [main] o.a.catalina.core.AprLifecycleListener   : The APR based Apache Tomcat Native library which allows optimal performance in production environments was not found on the java.library.path: [C:\Program Files\Java\jre1.8.0_131\bin;C:\WINDOWS\Sun\Java\bin;C:\WINDOWS\system32;C:\WINDOWS;C:/Program Files/Java/jre1.8.0_131/bin/server;C:/Program Files/Java/jre1.8.0_131/bin;C:/Program Files/Java/jre1.8.0_131/lib/amd64;C:\ProgramData\Oracle\Java\javapath;%JAVA_HOME%/bin;C:\WINDOWS\system32;C:\WINDOWS;C:\WINDOWS\System32\Wbem;C:\Program Files (x86)\Intel\iCLS Client\;C:\Program Files\Intel\iCLS Client\;C:\WINDOWS\System32\WindowsPowerShell\v1.0\;C:\Program Files (x86)\Intel\Intel(R) Management Engine Components\DAL;C:\Program Files\Intel\Intel(R) Management Engine Components\DAL;C:\Program Files (x86)\Intel\Intel(R) Management Engine Components\IPT;C:\Program Files\Intel\Intel(R) Management Engine Components\IPT;C:\Program Files (x86)\IDM Computer Solutions\UltraEdit;C:\Program Files\Git\cmd;C:\WINDOWS\System32\OpenSSH\;C:\Program Files\Intel\WiFi\bin\;C:\Program Files\Common Files\Intel\WirelessCommon\;C:\Program Files\Intel\WiFi\bin\;C:\Program Files\Common Files\Intel\WirelessCommon\;%USERPROFILE%\AppData\Local\Microsoft\WindowsApps;;D:\eclipse;;.]
2019-01-12 16:20:22.272  INFO 17952 --- [main] o.a.c.c.C.[Tomcat].[localhost].[/]       : Initializing Spring embedded WebApplicationContext
2019-01-12 16:20:22.272  INFO 17952 --- [main] o.s.web.context.ContextLoader            : Root WebApplicationContext: initialization completed in 2360 ms
2019-01-12 16:20:22.304  INFO 17952 --- [main] o.s.b.w.servlet.ServletRegistrationBean  : Servlet dispatcherServlet mapped to [/]
2019-01-12 16:20:22.311  INFO 17952 --- [main] o.s.b.w.servlet.FilterRegistrationBean   : Mapping filter: 'characterEncodingFilter' to: [/*]
2019-01-12 16:20:22.312  INFO 17952 --- [main] o.s.b.w.servlet.FilterRegistrationBean   : Mapping filter: 'hiddenHttpMethodFilter' to: [/*]
2019-01-12 16:20:22.313  INFO 17952 --- [main] o.s.b.w.servlet.FilterRegistrationBean   : Mapping filter: 'formContentFilter' to: [/*]
2019-01-12 16:20:22.313  INFO 17952 --- [main] o.s.b.w.servlet.FilterRegistrationBean   : Mapping filter: 'requestContextFilter' to: [/*]
2019-01-12 16:20:22.386 DEBUG 17952 --- [main] o.h.v.i.e.resolver.TraversableResolvers  : Cannot find javax.persistence.Persistence on classpath. Assuming non JPA 2 environment. All properties will per default be traversable.
2019-01-12 16:20:22.386 DEBUG 17952 --- [main] .h.v.m.ResourceBundleMessageInterpolator : Loaded expression factory via original TCCL
2019-01-12 16:20:22.391 DEBUG 17952 --- [main] o.h.v.i.e.resolver.TraversableResolvers  : Cannot find javax.persistence.Persistence on classpath. Assuming non JPA 2 environment. All properties will per default be traversable.
2019-01-12 16:20:22.392 DEBUG 17952 --- [main] o.h.v.internal.engine.ConfigurationImpl  : Setting custom MessageInterpolator of type org.springframework.validation.beanvalidation.LocaleContextMessageInterpolator
2019-01-12 16:20:22.393 DEBUG 17952 --- [main] o.h.v.internal.engine.ConfigurationImpl  : Setting custom ConstraintValidatorFactory of type org.springframework.validation.beanvalidation.SpringConstraintValidatorFactory
2019-01-12 16:20:22.393 DEBUG 17952 --- [main] o.h.v.internal.engine.ConfigurationImpl  : Setting custom ParameterNameProvider of type org.springframework.validation.beanvalidation.LocalValidatorFactoryBean$1
2019-01-12 16:20:22.394 DEBUG 17952 --- [main] o.h.v.i.xml.config.ValidationXmlParser   : Trying to load META-INF/validation.xml for XML based Validator configuration.
2019-01-12 16:20:22.395 DEBUG 17952 --- [main] o.h.v.i.xml.config.ResourceLoaderHelper  : Trying to load META-INF/validation.xml via user class loader
2019-01-12 16:20:22.395 DEBUG 17952 --- [main] o.h.v.i.xml.config.ResourceLoaderHelper  : Trying to load META-INF/validation.xml via TCCL
2019-01-12 16:20:22.395 DEBUG 17952 --- [main] o.h.v.i.xml.config.ResourceLoaderHelper  : Trying to load META-INF/validation.xml via Hibernate Validator's class loader
2019-01-12 16:20:22.395 DEBUG 17952 --- [main] o.h.v.i.xml.config.ValidationXmlParser   : No META-INF/validation.xml found. Using annotation based configuration only.
2019-01-12 16:20:22.404 DEBUG 17952 --- [main] o.h.v.i.engine.ValidatorFactoryImpl      : HV000234: Using org.springframework.validation.beanvalidation.LocaleContextMessageInterpolator as ValidatorFactory-scoped message interpolator.
2019-01-12 16:20:22.405 DEBUG 17952 --- [main] o.h.v.i.engine.ValidatorFactoryImpl      : HV000234: Using org.hibernate.validator.internal.engine.resolver.TraverseAllTraversableResolver as ValidatorFactory-scoped traversable resolver.
2019-01-12 16:20:22.405 DEBUG 17952 --- [main] o.h.v.i.engine.ValidatorFactoryImpl      : HV000234: Using org.hibernate.validator.internal.util.ExecutableParameterNameProvider as ValidatorFactory-scoped parameter name provider.
2019-01-12 16:20:22.405 DEBUG 17952 --- [main] o.h.v.i.engine.ValidatorFactoryImpl      : HV000234: Using org.hibernate.validator.internal.engine.DefaultClockProvider as ValidatorFactory-scoped clock provider.
2019-01-12 16:20:22.405 DEBUG 17952 --- [main] o.h.v.i.engine.ValidatorFactoryImpl      : HV000234: Using org.hibernate.validator.internal.engine.scripting.DefaultScriptEvaluatorFactory as ValidatorFactory-scoped script evaluator factory.
2019-01-12 16:20:22.596  INFO 17952 --- [main] o.s.s.concurrent.ThreadPoolTaskExecutor  : Initializing ExecutorService 'applicationTaskExecutor'
2019-01-12 16:20:22.854  INFO 17952 --- [main] o.s.b.w.embedded.tomcat.TomcatWebServer  : Tomcat started on port(s): 8080 (http) with context path ''
2019-01-12 16:20:22.860  INFO 17952 --- [main] com.gxc.info.web.WebApplication          : Started WebApplication in 3.497 seconds (JVM running for 4.267)
2019-01-12 16:20:27.937  INFO 17952 --- [http-nio-8080-exec-1] o.a.c.c.C.[Tomcat].[localhost].[/]       : Initializing Spring DispatcherServlet 'dispatcherServlet'
2019-01-12 16:20:27.938  INFO 17952 --- [http-nio-8080-exec-1] o.s.web.servlet.DispatcherServlet        : Initializing Servlet 'dispatcherServlet'
2019-01-12 16:20:27.944  INFO 17952 --- [http-nio-8080-exec-1] o.s.web.servlet.DispatcherServlet        : Completed initialization in 6 ms
2019-01-12 16:20:28.067  INFO 17952 --- [http-nio-8080-exec-1] com.gxc.info.web.control.InfoManager     : result:{"id":1000,"name":"zhansan","phone":"15838377578"}
2019-01-12 17:09:21.080  INFO 20600 --- [main] com.gxc.info.web.WebApplication          : Starting WebApplication on GUOXUECHAO with PID 20600 (E:\demo\infoManager\infomanager-web\target\classes started by Lenovo in E:\demo\infoManager\infomanager-web)
2019-01-12 17:09:21.085  INFO 20600 --- [main] com.gxc.info.web.WebApplication          : No active profile set, falling back to default profiles: default
2019-01-12 17:09:23.068  INFO 20600 --- [main] o.s.b.w.embedded.tomcat.TomcatWebServer  : Tomcat initialized with port(s): 8080 (http)
2019-01-12 17:09:23.094  INFO 20600 --- [main] o.apache.catalina.core.StandardService   : Starting service [Tomcat]
2019-01-12 17:09:23.095  INFO 20600 --- [main] org.apache.catalina.core.StandardEngine  : Starting Servlet Engine: Apache Tomcat/9.0.12
2019-01-12 17:09:23.106  INFO 20600 --- [main] o.a.catalina.core.AprLifecycleListener   : The APR based Apache Tomcat Native library which allows optimal performance in production environments was not found on the java.library.path: [C:\Program Files\Java\jre1.8.0_131\bin;C:\WINDOWS\Sun\Java\bin;C:\WINDOWS\system32;C:\WINDOWS;C:/Program Files/Java/jre1.8.0_131/bin/server;C:/Program Files/Java/jre1.8.0_131/bin;C:/Program Files/Java/jre1.8.0_131/lib/amd64;C:\ProgramData\Oracle\Java\javapath;%JAVA_HOME%/bin;C:\WINDOWS\system32;C:\WINDOWS;C:\WINDOWS\System32\Wbem;C:\Program Files (x86)\Intel\iCLS Client\;C:\Program Files\Intel\iCLS Client\;C:\WINDOWS\System32\WindowsPowerShell\v1.0\;C:\Program Files (x86)\Intel\Intel(R) Management Engine Components\DAL;C:\Program Files\Intel\Intel(R) Management Engine Components\DAL;C:\Program Files (x86)\Intel\Intel(R) Management Engine Components\IPT;C:\Program Files\Intel\Intel(R) Management Engine Components\IPT;C:\Program Files (x86)\IDM Computer Solutions\UltraEdit;C:\Program Files\Git\cmd;C:\WINDOWS\System32\OpenSSH\;C:\Program Files\Intel\WiFi\bin\;C:\Program Files\Common Files\Intel\WirelessCommon\;C:\Program Files\Intel\WiFi\bin\;C:\Program Files\Common Files\Intel\WirelessCommon\;%USERPROFILE%\AppData\Local\Microsoft\WindowsApps;;D:\eclipse;;.]
2019-01-12 17:09:23.383  INFO 20600 --- [main] o.a.c.c.C.[Tomcat].[localhost].[/stud]   : Initializing Spring embedded WebApplicationContext
2019-01-12 17:09:23.385  INFO 20600 --- [main] o.s.web.context.ContextLoader            : Root WebApplicationContext: initialization completed in 2245 ms
2019-01-12 17:09:23.491  INFO 20600 --- [main] o.s.b.w.servlet.ServletRegistrationBean  : Servlet dispatcherServlet mapped to [/]
2019-01-12 17:09:23.503  INFO 20600 --- [main] o.s.b.w.servlet.FilterRegistrationBean   : Mapping filter: 'characterEncodingFilter' to: [/*]
2019-01-12 17:09:23.504  INFO 20600 --- [main] o.s.b.w.servlet.FilterRegistrationBean   : Mapping filter: 'hiddenHttpMethodFilter' to: [/*]
2019-01-12 17:09:23.505  INFO 20600 --- [main] o.s.b.w.servlet.FilterRegistrationBean   : Mapping filter: 'formContentFilter' to: [/*]
2019-01-12 17:09:23.506  INFO 20600 --- [main] o.s.b.w.servlet.FilterRegistrationBean   : Mapping filter: 'requestContextFilter' to: [/*]
2019-01-12 17:09:23.628 DEBUG 20600 --- [main] o.h.v.i.e.resolver.TraversableResolvers  : Cannot find javax.persistence.Persistence on classpath. Assuming non JPA 2 environment. All properties will per default be traversable.
2019-01-12 17:09:23.644 DEBUG 20600 --- [main] .h.v.m.ResourceBundleMessageInterpolator : Loaded expression factory via original TCCL
2019-01-12 17:09:23.649 DEBUG 20600 --- [main] o.h.v.i.e.resolver.TraversableResolvers  : Cannot find javax.persistence.Persistence on classpath. Assuming non JPA 2 environment. All properties will per default be traversable.
2019-01-12 17:09:23.653 DEBUG 20600 --- [main] o.h.v.internal.engine.ConfigurationImpl  : Setting custom MessageInterpolator of type org.springframework.validation.beanvalidation.LocaleContextMessageInterpolator
2019-01-12 17:09:23.653 DEBUG 20600 --- [main] o.h.v.internal.engine.ConfigurationImpl  : Setting custom ConstraintValidatorFactory of type org.springframework.validation.beanvalidation.SpringConstraintValidatorFactory
2019-01-12 17:09:23.654 DEBUG 20600 --- [main] o.h.v.internal.engine.ConfigurationImpl  : Setting custom ParameterNameProvider of type org.springframework.validation.beanvalidation.LocalValidatorFactoryBean$1
2019-01-12 17:09:23.655 DEBUG 20600 --- [main] o.h.v.i.xml.config.ValidationXmlParser   : Trying to load META-INF/validation.xml for XML based Validator configuration.
2019-01-12 17:09:23.656 DEBUG 20600 --- [main] o.h.v.i.xml.config.ResourceLoaderHelper  : Trying to load META-INF/validation.xml via user class loader
2019-01-12 17:09:23.656 DEBUG 20600 --- [main] o.h.v.i.xml.config.ResourceLoaderHelper  : Trying to load META-INF/validation.xml via TCCL
2019-01-12 17:09:23.659 DEBUG 20600 --- [main] o.h.v.i.xml.config.ResourceLoaderHelper  : Trying to load META-INF/validation.xml via Hibernate Validator's class loader
2019-01-12 17:09:23.660 DEBUG 20600 --- [main] o.h.v.i.xml.config.ValidationXmlParser   : No META-INF/validation.xml found. Using annotation based configuration only.
2019-01-12 17:09:23.668 DEBUG 20600 --- [main] o.h.v.i.engine.ValidatorFactoryImpl      : HV000234: Using org.springframework.validation.beanvalidation.LocaleContextMessageInterpolator as ValidatorFactory-scoped message interpolator.
2019-01-12 17:09:23.669 DEBUG 20600 --- [main] o.h.v.i.engine.ValidatorFactoryImpl      : HV000234: Using org.hibernate.validator.internal.engine.resolver.TraverseAllTraversableResolver as ValidatorFactory-scoped traversable resolver.
2019-01-12 17:09:23.669 DEBUG 20600 --- [main] o.h.v.i.engine.ValidatorFactoryImpl      : HV000234: Using org.hibernate.validator.internal.util.ExecutableParameterNameProvider as ValidatorFactory-scoped parameter name provider.
2019-01-12 17:09:23.670 DEBUG 20600 --- [main] o.h.v.i.engine.ValidatorFactoryImpl      : HV000234: Using org.hibernate.validator.internal.engine.DefaultClockProvider as ValidatorFactory-scoped clock provider.
2019-01-12 17:09:23.670 DEBUG 20600 --- [main] o.h.v.i.engine.ValidatorFactoryImpl      : HV000234: Using org.hibernate.validator.internal.engine.scripting.DefaultScriptEvaluatorFactory as ValidatorFactory-scoped script evaluator factory.
2019-01-12 17:09:23.940  INFO 20600 --- [main] o.s.s.concurrent.ThreadPoolTaskExecutor  : Initializing ExecutorService 'applicationTaskExecutor'
2019-01-12 17:09:24.626  INFO 20600 --- [main] o.s.b.w.embedded.tomcat.TomcatWebServer  : Tomcat started on port(s): 8080 (http) with context path '/stud'
2019-01-12 17:09:24.629  INFO 20600 --- [main] com.gxc.info.web.WebApplication          : Started WebApplication in 4.14 seconds (JVM running for 4.994)
